Intermediate/Android/arm64/gradle/app/build/intermediates/manifest_merge_blame_file/debug/processDebugMainManifest/manifest-merger-blame-debug-report.txt
1<?xml version="1.0" encoding="utf-8"?>
2<manifest xmlns:android="http://schemas.android.com/apk/res/android"
3    xmlns:dist="http://schemas.android.com/apk/distribution"
4    package="com.VRWhiteboardTest"
5    android:installLocation="internalOnly"
6    android:versionCode="1"
7    android:versionName="1.0" >
8
9    <uses-sdk
10        android:minSdkVersion="32"
11        android:targetSdkVersion="32" />
12
13    <queries>
13-->src\main\AndroidManifest.xml:2:3-13:13
14        <intent>
14-->src\main\AndroidManifest.xml:3:5-7:14
15            <action android:name="android.intent.action.VIEW" />
15-->src\main\AndroidManifest.xml:4:7-59
15-->src\main\AndroidManifest.xml:4:15-56
16
17            <category android:name="android.intent.category.BROWSABLE" />
17-->src\main\AndroidManifest.xml:5:7-68
17-->src\main\AndroidManifest.xml:5:17-65
18
19            <data android:scheme="http" />
19-->src\main\AndroidManifest.xml:6:7-37
19-->src\main\AndroidManifest.xml:6:13-34
20        </intent>
21        <intent>
21-->src\main\AndroidManifest.xml:8:5-12:14
22            <action android:name="android.intent.action.VIEW" />
22-->src\main\AndroidManifest.xml:4:7-59
22-->src\main\AndroidManifest.xml:4:15-56
23
24            <category android:name="android.intent.category.BROWSABLE" />
24-->src\main\AndroidManifest.xml:5:7-68
24-->src\main\AndroidManifest.xml:5:17-65
25
26            <data android:scheme="https" />
26-->src\main\AndroidManifest.xml:6:7-37
26-->src\main\AndroidManifest.xml:6:13-34
27        </intent>
28        <intent>
28-->[eossdk-StaticSTDC-release.aar] AndroidManifest.xml:20:9-22:18
29            <action android:name="android.support.customtabs.action.CustomTabsService" />
29-->[eossdk-StaticSTDC-release.aar] AndroidManifest.xml:21:13-90
29-->[eossdk-StaticSTDC-release.aar] AndroidManifest.xml:21:21-87
30        </intent>
31
32        <package android:name="com.google.android.gms" />
32-->[com.google.android.gms:play-services-games-v2:19.0.0] AndroidManifest.xml:8:9-58
32-->[com.google.android.gms:play-services-games-v2:19.0.0] AndroidManifest.xml:8:18-55
33        <package android:name="com.android.vending" />
33-->[com.google.android.gms:play-services-games-v2:19.0.0] AndroidManifest.xml:9:9-55
33-->[com.google.android.gms:play-services-games-v2:19.0.0] AndroidManifest.xml:9:18-52
34    </queries>
35    <!-- Requirements -->
36    <uses-feature
36-->src\main\AndroidManifest.xml:99:3-92
37        android:name="oculus.software.overlay_keyboard"
37-->src\main\AndroidManifest.xml:99:17-64
38        android:required="false" />
38-->src\main\AndroidManifest.xml:99:65-89
39    <uses-feature
39-->src\main\AndroidManifest.xml:100:3-76
40        android:glEsVersion="0x00030000"
40-->src\main\AndroidManifest.xml:100:17-49
41        android:required="true" />
41-->src\main\AndroidManifest.xml:100:50-73
42
43    <uses-permission android:name="android.permission.INTERNET" />
43-->src\main\AndroidManifest.xml:101:3-65
43-->src\main\AndroidManifest.xml:101:20-62
44    <uses-permission android:name="android.permission.WRITE_EXTERNAL_STORAGE" />
44-->src\main\AndroidManifest.xml:102:3-79
44-->src\main\AndroidManifest.xml:102:20-76
45    <uses-permission android:name="android.permission.ACCESS_NETWORK_STATE" />
45-->src\main\AndroidManifest.xml:103:3-77
45-->src\main\AndroidManifest.xml:103:20-74
46    <uses-permission android:name="android.permission.WAKE_LOCK" />
46-->src\main\AndroidManifest.xml:104:3-66
46-->src\main\AndroidManifest.xml:104:20-63
47    <uses-permission android:name="com.android.vending.CHECK_LICENSE" />
47-->src\main\AndroidManifest.xml:105:3-71
47-->src\main\AndroidManifest.xml:105:20-68
48    <uses-permission android:name="android.permission.ACCESS_WIFI_STATE" />
48-->src\main\AndroidManifest.xml:106:3-74
48-->src\main\AndroidManifest.xml:106:20-71
49    <uses-permission android:name="com.android.vending.BILLING" />
49-->src\main\AndroidManifest.xml:107:3-65
49-->src\main\AndroidManifest.xml:107:20-62
50    <!-- Supported texture compression formats (cooked) -->
51    <supports-gl-texture android:name="GL_KHR_texture_compression_astc_ldr" />
51-->src\main\AndroidManifest.xml:109:3-77
51-->src\main\AndroidManifest.xml:109:24-74
52
53    <uses-feature
53-->src\main\AndroidManifest.xml:110:3-124
54        android:name="android.hardware.vr.headtracking"
54-->src\main\AndroidManifest.xml:110:17-64
55        __line="184"
55-->src\main\AndroidManifest.xml:110:109-121
56        android:required="true"
56-->src\main\AndroidManifest.xml:110:85-108
57        android:version="1" />
57-->src\main\AndroidManifest.xml:110:65-84
58
59    <uses-permission
59-->src\main\AndroidManifest.xml:111:3-87
60        android:name="android.permission.FOREGROUND_SERVICE"
60-->src\main\AndroidManifest.xml:111:20-72
61        __line="66" />
61-->src\main\AndroidManifest.xml:111:73-84
62    <uses-permission
62-->src\main\AndroidManifest.xml:112:3-97
63        android:name="android.permission.FOREGROUND_SERVICE_DATA_SYNC"
63-->src\main\AndroidManifest.xml:112:20-82
64        __line="67" />
64-->src\main\AndroidManifest.xml:112:83-94
65    <uses-permission
65-->src\main\AndroidManifest.xml:113:3-87
66        android:name="android.permission.POST_NOTIFICATIONS"
66-->src\main\AndroidManifest.xml:113:20-72
67        __line="68" />
67-->src\main\AndroidManifest.xml:113:73-84
68
69    <uses-feature
69-->src\main\AndroidManifest.xml:114:3-96
70        android:name="android.hardware.usb.host"
70-->src\main\AndroidManifest.xml:114:17-57
71        __ExcludeFromAFS="true"
71-->src\main\AndroidManifest.xml:114:58-81
72        __line="73" />
72-->src\main\AndroidManifest.xml:114:82-93
73    <!-- Application Definition -->
74    <application
74-->src\main\AndroidManifest.xml:15:3-97:17
75        android:name="com.epicgames.unreal.GameApplication"
75-->src\main\AndroidManifest.xml:15:114-165
76        android:appComponentFactory="androidx.core.app.CoreComponentFactory"
76-->[androidx.core:core:1.8.0] AndroidManifest.xml:24:18-86
77        android:debuggable="true"
78        android:extractNativeLibs="true"
79        android:hardwareAccelerated="true"
79-->src\main\AndroidManifest.xml:15:79-113
80        android:hasCode="true"
80-->src\main\AndroidManifest.xml:15:210-232
81        android:icon="@drawable/icon"
81-->src\main\AndroidManifest.xml:15:49-78
82        android:label="@string/app_name"
82-->src\main\AndroidManifest.xml:15:16-48
83        android:requestLegacyExternalStorage="true" >
83-->src\main\AndroidManifest.xml:15:166-209
84        <activity
84-->src\main\AndroidManifest.xml:16:5-24:16
85            android:name="com.epicgames.unreal.GameActivity"
85-->src\main\AndroidManifest.xml:16:15-63
86            android:configChanges="mcc|mnc|uiMode|density|screenSize|smallestScreenSize|screenLayout|orientation|keyboardHidden|keyboard|navigation|touchscreen|locale|fontScale|layoutDirection"
86-->src\main\AndroidManifest.xml:16:186-367
87            android:debuggable="true"
87-->src\main\AndroidManifest.xml:16:473-498
88            android:exported="true"
88-->src\main\AndroidManifest.xml:16:64-87
89            android:label="@string/app_name"
89-->src\main\AndroidManifest.xml:16:88-120
90            android:launchMode="singleTask"
90-->src\main\AndroidManifest.xml:16:403-434
91            android:resizeableActivity="false"
91-->src\main\AndroidManifest.xml:16:368-402
92            android:screenOrientation="landscape"
92-->src\main\AndroidManifest.xml:16:435-472
93            android:theme="@android:style/Theme.Black.NoTitleBar.Fullscreen" >
93-->src\main\AndroidManifest.xml:16:121-185
94            <meta-data
94-->src\main\AndroidManifest.xml:17:7-79
95                android:name="android.app.lib_name"
95-->src\main\AndroidManifest.xml:17:18-53
96                android:value="Unreal" />
96-->src\main\AndroidManifest.xml:17:54-76
97
98            <intent-filter>
98-->src\main\AndroidManifest.xml:18:7-22:23
99                <action android:name="android.intent.action.MAIN" />
99-->src\main\AndroidManifest.xml:19:9-61
99-->src\main\AndroidManifest.xml:19:17-58
100
101                <category android:name="android.intent.category.LAUNCHER" />
101-->src\main\AndroidManifest.xml:20:9-69
101-->src\main\AndroidManifest.xml:20:19-66
102                <category
102-->src\main\AndroidManifest.xml:21:9-90
103                    android:name="com.oculus.intent.category.VR"
103-->src\main\AndroidManifest.xml:21:19-63
104                    __ExcludeFromAFS="true" />
104-->src\main\AndroidManifest.xml:21:64-87
105            </intent-filter>
106
107            <meta-data
107-->src\main\AndroidManifest.xml:23:7-105
108                android:name="com.oculus.vr.focusaware"
108-->src\main\AndroidManifest.xml:23:18-57
109                __ExcludeFromAFS="true"
109-->src\main\AndroidManifest.xml:23:79-102
110                android:value="true" />
110-->src\main\AndroidManifest.xml:23:58-78
111        </activity>
112        <activity android:name="com.VRWhiteboardTest.DownloaderActivity" />
112-->src\main\AndroidManifest.xml:25:5-52
112-->src\main\AndroidManifest.xml:25:15-49
113
114        <meta-data
114-->src\main\AndroidManifest.xml:26:5-103
115            android:name="com.epicgames.unreal.GameActivity.EngineVersion"
115-->src\main\AndroidManifest.xml:26:16-78
116            android:value="5.5.4" />
116-->src\main\AndroidManifest.xml:26:79-100
117        <meta-data
117-->src\main\AndroidManifest.xml:27:5-114
118            android:name="com.epicgames.unreal.GameActivity.EngineBranch"
118-->src\main\AndroidManifest.xml:27:16-77
119            android:value="++UE5+Release-5.5" />
119-->src\main\AndroidManifest.xml:27:78-111
120        <meta-data
120-->src\main\AndroidManifest.xml:28:5-106
121            android:name="com.epicgames.unreal.GameActivity.ProjectVersion"
121-->src\main\AndroidManifest.xml:28:16-79
122            android:value="1.0.0.0" />
122-->src\main\AndroidManifest.xml:28:80-103
123        <meta-data
123-->src\main\AndroidManifest.xml:29:5-107
124            android:name="com.epicgames.unreal.GameActivity.DepthBufferPreference"
124-->src\main\AndroidManifest.xml:29:16-86
125            android:value="0" />
125-->src\main\AndroidManifest.xml:29:87-104
126        <meta-data
126-->src\main\AndroidManifest.xml:30:5-110
127            android:name="com.epicgames.unreal.GameActivity.bPackageDataInsideApk"
127-->src\main\AndroidManifest.xml:30:16-86
128            android:value="true" />
128-->src\main\AndroidManifest.xml:30:87-107
129        <meta-data
129-->src\main\AndroidManifest.xml:31:5-109
130            android:name="com.epicgames.unreal.GameActivity.bVerifyOBBOnStartUp"
130-->src\main\AndroidManifest.xml:31:16-84
131            android:value="false" />
131-->src\main\AndroidManifest.xml:31:85-106
132        <meta-data
132-->src\main\AndroidManifest.xml:32:5-102
133            android:name="com.epicgames.unreal.GameActivity.bShouldHideUI"
133-->src\main\AndroidManifest.xml:32:16-78
134            android:value="true" />
134-->src\main\AndroidManifest.xml:32:79-99
135        <meta-data
135-->src\main\AndroidManifest.xml:33:5-110
136            android:name="com.epicgames.unreal.GameActivity.ProjectName"
136-->src\main\AndroidManifest.xml:33:16-76
137            android:value="TestWhiteBoard" />
137-->src\main\AndroidManifest.xml:33:77-107
138        <meta-data
138-->src\main\AndroidManifest.xml:34:5-92
139            android:name="com.epicgames.unreal.GameActivity.AppType"
139-->src\main\AndroidManifest.xml:34:16-72
140            android:value="" />
140-->src\main\AndroidManifest.xml:34:73-89
141        <meta-data
141-->src\main\AndroidManifest.xml:35:5-101
142            android:name="com.epicgames.unreal.GameActivity.bHasOBBFiles"
142-->src\main\AndroidManifest.xml:35:16-77
143            android:value="true" />
143-->src\main\AndroidManifest.xml:35:78-98
144        <meta-data
144-->src\main\AndroidManifest.xml:36:5-114
145            android:name="com.epicgames.unreal.GameActivity.BuildConfiguration"
145-->src\main\AndroidManifest.xml:36:16-83
146            android:value="Development" />
146-->src\main\AndroidManifest.xml:36:84-111
147        <meta-data
147-->src\main\AndroidManifest.xml:37:5-102
148            android:name="com.epicgames.unreal.GameActivity.CookedFlavors"
148-->src\main\AndroidManifest.xml:37:16-78
149            android:value="ASTC" />
149-->src\main\AndroidManifest.xml:37:79-99
150        <meta-data
150-->src\main\AndroidManifest.xml:38:5-112
151            android:name="com.epicgames.unreal.GameActivity.bValidateTextureFormats"
151-->src\main\AndroidManifest.xml:38:16-88
152            android:value="true" />
152-->src\main\AndroidManifest.xml:38:89-109
153        <meta-data
153-->src\main\AndroidManifest.xml:39:5-109
154            android:name="com.epicgames.unreal.GameActivity.bUseExternalFilesDir"
154-->src\main\AndroidManifest.xml:39:16-85
155            android:value="true" />
155-->src\main\AndroidManifest.xml:39:86-106
156        <meta-data
156-->src\main\AndroidManifest.xml:40:5-105
157            android:name="com.epicgames.unreal.GameActivity.bPublicLogFiles"
157-->src\main\AndroidManifest.xml:40:16-80
158            android:value="false" />
158-->src\main\AndroidManifest.xml:40:81-102
159        <meta-data
159-->src\main\AndroidManifest.xml:41:5-107
160            android:name="com.epicgames.unreal.GameActivity.bUseDisplayCutout"
160-->src\main\AndroidManifest.xml:41:16-82
161            android:value="false" />
161-->src\main\AndroidManifest.xml:41:83-104
162        <meta-data
162-->src\main\AndroidManifest.xml:42:5-99
163            android:name="com.epicgames.unreal.GameActivity.bAllowIMU"
163-->src\main\AndroidManifest.xml:42:16-74
164            android:value="false" />
164-->src\main\AndroidManifest.xml:42:75-96
165        <meta-data
165-->src\main\AndroidManifest.xml:43:5-104
166            android:name="com.epicgames.unreal.GameActivity.bSupportsVulkan"
166-->src\main\AndroidManifest.xml:43:16-80
167            android:value="true" />
167-->src\main\AndroidManifest.xml:43:81-101
168        <meta-data
168-->src\main\AndroidManifest.xml:44:5-100
169            android:name="com.epicgames.unreal.GameActivity.PropagateAlpha"
169-->src\main\AndroidManifest.xml:44:16-79
170            android:value="0" />
170-->src\main\AndroidManifest.xml:44:80-97
171        <meta-data
171-->src\main\AndroidManifest.xml:45:5-144
172            android:name="com.epicgames.unreal.GameActivity.StartupPermissions"
172-->src\main\AndroidManifest.xml:45:16-83
173            android:value="android.permission.WRITE_EXTERNAL_STORAGE" />
173-->src\main\AndroidManifest.xml:45:84-141
174        <meta-data
174-->src\main\AndroidManifest.xml:46:5-85
175            android:name="android.supports_size_changes"
175-->src\main\AndroidManifest.xml:46:16-60
176            android:value="false" />
176-->src\main\AndroidManifest.xml:46:61-82
177        <meta-data
177-->src\main\AndroidManifest.xml:47:5-100
178            android:name="com.google.android.gms.games.APP_ID"
178-->src\main\AndroidManifest.xml:47:16-66
179            android:value="@string/app_id" />
179-->src\main\AndroidManifest.xml:47:67-97
180        <meta-data
180-->src\main\AndroidManifest.xml:48:5-118
181            android:name="com.google.android.gms.version"
181-->src\main\AndroidManifest.xml:48:16-61
182            android:value="@integer/google_play_services_version" />
182-->src\main\AndroidManifest.xml:48:62-115
183
184        <activity
184-->src\main\AndroidManifest.xml:49:5-180
185            android:name="com.google.android.gms.ads.AdActivity"
185-->src\main\AndroidManifest.xml:49:15-67
186            android:configChanges="keyboard|keyboardHidden|orientation|screenLayout|uiMode|screenSize|smallestScreenSize" />
186-->src\main\AndroidManifest.xml:49:68-177
187
188        <service
188-->src\main\AndroidManifest.xml:50:5-119
189            android:name="com.epicgames.unreal.psoservices.OGLProgramService"
189-->src\main\AndroidManifest.xml:50:14-79
190            android:process=":psoprogramservice" />
190-->src\main\AndroidManifest.xml:50:80-116
191        <service
191-->src\main\AndroidManifest.xml:51:5-121
192            android:name="com.epicgames.unreal.psoservices.OGLProgramService1"
192-->src\main\AndroidManifest.xml:51:14-80
193            android:process=":psoprogramservice1" />
193-->src\main\AndroidManifest.xml:51:81-118
194        <service
194-->src\main\AndroidManifest.xml:52:5-121
195            android:name="com.epicgames.unreal.psoservices.OGLProgramService2"
195-->src\main\AndroidManifest.xml:52:14-80
196            android:process=":psoprogramservice2" />
196-->src\main\AndroidManifest.xml:52:81-118
197        <service
197-->src\main\AndroidManifest.xml:53:5-121
198            android:name="com.epicgames.unreal.psoservices.OGLProgramService3"
198-->src\main\AndroidManifest.xml:53:14-80
199            android:process=":psoprogramservice3" />
199-->src\main\AndroidManifest.xml:53:81-118
200        <service
200-->src\main\AndroidManifest.xml:54:5-121
201            android:name="com.epicgames.unreal.psoservices.OGLProgramService4"
201-->src\main\AndroidManifest.xml:54:14-80
202            android:process=":psoprogramservice4" />
202-->src\main\AndroidManifest.xml:54:81-118
203        <service
203-->src\main\AndroidManifest.xml:55:5-121
204            android:name="com.epicgames.unreal.psoservices.OGLProgramService5"
204-->src\main\AndroidManifest.xml:55:14-80
205            android:process=":psoprogramservice5" />
205-->src\main\AndroidManifest.xml:55:81-118
206        <service
206-->src\main\AndroidManifest.xml:56:5-121
207            android:name="com.epicgames.unreal.psoservices.OGLProgramService6"
207-->src\main\AndroidManifest.xml:56:14-80
208            android:process=":psoprogramservice6" />
208-->src\main\AndroidManifest.xml:56:81-118
209        <service
209-->src\main\AndroidManifest.xml:57:5-121
210            android:name="com.epicgames.unreal.psoservices.OGLProgramService7"
210-->src\main\AndroidManifest.xml:57:14-80
211            android:process=":psoprogramservice7" />
211-->src\main\AndroidManifest.xml:57:81-118
212        <service
212-->src\main\AndroidManifest.xml:58:5-122
213            android:name="com.epicgames.unreal.psoservices.VulkanProgramService"
213-->src\main\AndroidManifest.xml:58:14-82
214            android:process=":psoprogramservice" />
214-->src\main\AndroidManifest.xml:58:83-119
215        <service
215-->src\main\AndroidManifest.xml:59:5-124
216            android:name="com.epicgames.unreal.psoservices.VulkanProgramService1"
216-->src\main\AndroidManifest.xml:59:14-83
217            android:process=":psoprogramservice1" />
217-->src\main\AndroidManifest.xml:59:84-121
218        <service
218-->src\main\AndroidManifest.xml:60:5-124
219            android:name="com.epicgames.unreal.psoservices.VulkanProgramService2"
219-->src\main\AndroidManifest.xml:60:14-83
220            android:process=":psoprogramservice2" />
220-->src\main\AndroidManifest.xml:60:84-121
221        <service
221-->src\main\AndroidManifest.xml:61:5-124
222            android:name="com.epicgames.unreal.psoservices.VulkanProgramService3"
222-->src\main\AndroidManifest.xml:61:14-83
223            android:process=":psoprogramservice3" />
223-->src\main\AndroidManifest.xml:61:84-121
224        <service
224-->src\main\AndroidManifest.xml:62:5-124
225            android:name="com.epicgames.unreal.psoservices.VulkanProgramService4"
225-->src\main\AndroidManifest.xml:62:14-83
226            android:process=":psoprogramservice4" />
226-->src\main\AndroidManifest.xml:62:84-121
227        <service
227-->src\main\AndroidManifest.xml:63:5-124
228            android:name="com.epicgames.unreal.psoservices.VulkanProgramService5"
228-->src\main\AndroidManifest.xml:63:14-83
229            android:process=":psoprogramservice5" />
229-->src\main\AndroidManifest.xml:63:84-121
230        <service
230-->src\main\AndroidManifest.xml:64:5-124
231            android:name="com.epicgames.unreal.psoservices.VulkanProgramService6"
231-->src\main\AndroidManifest.xml:64:14-83
232            android:process=":psoprogramservice6" />
232-->src\main\AndroidManifest.xml:64:84-121
233        <service
233-->src\main\AndroidManifest.xml:65:5-124
234            android:name="com.epicgames.unreal.psoservices.VulkanProgramService7"
234-->src\main\AndroidManifest.xml:65:14-83
235            android:process=":psoprogramservice7" />
235-->src\main\AndroidManifest.xml:65:84-121
236        <service android:name="com.VRWhiteboardTest.OBBDownloaderService" />
236-->src\main\AndroidManifest.xml:66:5-52
236-->src\main\AndroidManifest.xml:66:14-49
237
238        <receiver
238-->src\main\AndroidManifest.xml:67:5-71
239            android:name="com.VRWhiteboardTest.AlarmReceiver"
239-->src\main\AndroidManifest.xml:67:15-43
240            android:exported="false" />
240-->src\main\AndroidManifest.xml:67:44-68
241        <receiver
241-->src\main\AndroidManifest.xml:68:5-104
242            android:name="com.epicgames.unreal.LocalNotificationReceiver"
242-->src\main\AndroidManifest.xml:68:15-76
243            android:exported="false" />
243-->src\main\AndroidManifest.xml:68:77-101
244        <receiver
244-->src\main\AndroidManifest.xml:69:5-95
245            android:name="com.epicgames.unreal.CellularReceiver"
245-->src\main\AndroidManifest.xml:69:15-67
246            android:exported="false" />
246-->src\main\AndroidManifest.xml:69:68-92
247        <receiver
247-->src\main\AndroidManifest.xml:70:5-74:16
248            android:name="com.epicgames.unreal.MulticastBroadcastReceiver"
248-->src\main\AndroidManifest.xml:70:15-77
249            android:exported="true" >
249-->src\main\AndroidManifest.xml:70:78-101
250            <intent-filter>
250-->src\main\AndroidManifest.xml:71:7-73:23
251                <action android:name="com.android.vending.INSTALL_REFERRER" />
251-->src\main\AndroidManifest.xml:72:9-71
251-->src\main\AndroidManifest.xml:72:17-68
252            </intent-filter>
253        </receiver>
254
255        <meta-data
255-->src\main\AndroidManifest.xml:75:5-73
256            android:name="android.max_aspect"
256-->src\main\AndroidManifest.xml:75:16-49
257            android:value="2.10" />
257-->src\main\AndroidManifest.xml:75:50-70
258        <meta-data
258-->src\main\AndroidManifest.xml:76:5-72
259            android:name="com.oculus.extlib"
259-->src\main\AndroidManifest.xml:76:16-48
260            android:value="true" />
260-->src\main\AndroidManifest.xml:76:49-69
261        <meta-data
261-->src\main\AndroidManifest.xml:77:5-113
262            android:name="com.oculus.supportedDevices"
262-->src\main\AndroidManifest.xml:77:16-58
263            android:value="quest|quest2|questpro|quest3|quest3" />
263-->src\main\AndroidManifest.xml:77:59-110
264        <meta-data
264-->src\main\AndroidManifest.xml:78:5-86
265            android:name="com.oculus.ossplash.background"
265-->src\main\AndroidManifest.xml:78:16-61
266            android:value="black" />
266-->src\main\AndroidManifest.xml:78:62-83
267        <meta-data
267-->src\main\AndroidManifest.xml:79:5-84
268            android:name="com.oculus.ossplash.colorspace"
268-->src\main\AndroidManifest.xml:79:16-61
269            android:value="!P3" />
269-->src\main\AndroidManifest.xml:79:62-81
270        <meta-data
270-->src\main\AndroidManifest.xml:80:5-116
271            android:name="com.oculus.telemetry.project_guid"
271-->src\main\AndroidManifest.xml:80:16-64
272            android:value="6EA3C3294E1C2E32DEA4E09F6CE03559" />
272-->src\main\AndroidManifest.xml:80:65-113
273        <meta-data
273-->src\main\AndroidManifest.xml:81:5-89
274            android:name="com.oculus.foveation.tile_turn_off"
274-->src\main\AndroidManifest.xml:81:16-65
275            android:value="true" />
275-->src\main\AndroidManifest.xml:81:66-86
276
277        <service
277-->src\main\AndroidManifest.xml:82:5-154
278            android:name="com.epicgames.unreal.RemoteFileManagerService"
278-->src\main\AndroidManifest.xml:82:14-74
279            __line="71"
279-->src\main\AndroidManifest.xml:82:140-151
280            android:exported="true"
280-->src\main\AndroidManifest.xml:82:116-139
281            android:foregroundServiceType="dataSync" />
281-->src\main\AndroidManifest.xml:82:75-115
282
283        <activity
283-->src\main\AndroidManifest.xml:83:5-87:16
284            android:name="com.epicgames.unreal.RemoteFileManagerActivity"
284-->src\main\AndroidManifest.xml:83:15-76
285            __line="72"
285-->src\main\AndroidManifest.xml:83:183-194
286            android:exported="true"
286-->src\main\AndroidManifest.xml:83:77-100
287            android:screenOrientation="sensor"
287-->src\main\AndroidManifest.xml:83:101-135
288            android:theme="@android:style/Theme.NoDisplay" >
288-->src\main\AndroidManifest.xml:83:136-182
289            <intent-filter __line="73" >
289-->src\main\AndroidManifest.xml:84:7-86:23
289-->src\main\AndroidManifest.xml:84:22-33
290                <action
290-->src\main\AndroidManifest.xml:85:9-101
291                    android:name="com.epicgames.unreal.RemoteFileManager.intent.COMMAND2"
291-->src\main\AndroidManifest.xml:85:17-86
292                    __line="74" />
292-->src\main\AndroidManifest.xml:85:87-98
293            </intent-filter>
294        </activity>
295
296        <meta-data
296-->src\main\AndroidManifest.xml:88:5-129
297            android:name="com.epicgames.unreal.RemoteFileManager.bAllowNetworkConnection"
297-->src\main\AndroidManifest.xml:88:16-93
298            __line="85"
298-->src\main\AndroidManifest.xml:88:115-126
299            android:value="true" />
299-->src\main\AndroidManifest.xml:88:94-114
300        <meta-data
300-->src\main\AndroidManifest.xml:89:5-98
301            android:name="com.oculus.ossplash"
301-->src\main\AndroidManifest.xml:89:16-50
302            __ExcludeFromAFS="true"
302-->src\main\AndroidManifest.xml:89:72-95
303            android:value="true" />
303-->src\main\AndroidManifest.xml:89:51-71
304
305        <activity
305-->src\main\AndroidManifest.xml:90:5-96:16
306            android:name="com.epicgames.mobile.eossdk.EOSAuthHandlerActivity"
306-->src\main\AndroidManifest.xml:90:15-80
307            android:configChanges="keyboardHidden|orientation|screenSize"
307-->src\main\AndroidManifest.xml:90:81-142
308            android:exported="true"
308-->src\main\AndroidManifest.xml:90:168-191
309            android:noHistory="true" >
309-->src\main\AndroidManifest.xml:90:143-167
310            <intent-filter>
310-->src\main\AndroidManifest.xml:91:7-95:23
311                <action android:name="android.intent.action.VIEW" />
311-->src\main\AndroidManifest.xml:4:7-59
311-->src\main\AndroidManifest.xml:4:15-56
312
313                <category android:name="android.intent.category.DEFAULT" />
313-->src\main\AndroidManifest.xml:93:9-68
313-->src\main\AndroidManifest.xml:93:19-65
314                <category android:name="android.intent.category.BROWSABLE" />
314-->src\main\AndroidManifest.xml:5:7-68
314-->src\main\AndroidManifest.xml:5:17-65
315            </intent-filter>
316            <intent-filter>
316-->[eossdk-StaticSTDC-release.aar] AndroidManifest.xml:31:13-38:29
317                <action android:name="android.intent.action.VIEW" />
317-->src\main\AndroidManifest.xml:4:7-59
317-->src\main\AndroidManifest.xml:4:15-56
318
319                <category android:name="android.intent.category.DEFAULT" />
319-->src\main\AndroidManifest.xml:93:9-68
319-->src\main\AndroidManifest.xml:93:19-65
320                <category android:name="android.intent.category.BROWSABLE" />
320-->src\main\AndroidManifest.xml:5:7-68
320-->src\main\AndroidManifest.xml:5:17-65
321
322                <data android:scheme="@string/eos_login_protocol_scheme" />
322-->src\main\AndroidManifest.xml:6:7-37
322-->src\main\AndroidManifest.xml:6:13-34
323            </intent-filter>
324        </activity>
325        <activity
325-->[com.google.android.gms:play-services-auth:20.7.0] AndroidManifest.xml:23:9-27:75
326            android:name="com.google.android.gms.auth.api.signin.internal.SignInHubActivity"
326-->[com.google.android.gms:play-services-auth:20.7.0] AndroidManifest.xml:24:13-93
327            android:excludeFromRecents="true"
327-->[com.google.android.gms:play-services-auth:20.7.0] AndroidManifest.xml:25:13-46
328            android:exported="false"
328-->[com.google.android.gms:play-services-auth:20.7.0] AndroidManifest.xml:26:13-37
329            android:theme="@android:style/Theme.Translucent.NoTitleBar" />
329-->[com.google.android.gms:play-services-auth:20.7.0] AndroidManifest.xml:27:13-72
330        <!--
331            Service handling Google Sign-In user revocation. For apps that do not integrate with
332            Google Sign-In, this service will never be started.
333        -->
334        <service
334-->[com.google.android.gms:play-services-auth:20.7.0] AndroidManifest.xml:33:9-37:51
335            android:name="com.google.android.gms.auth.api.signin.RevocationBoundService"
335-->[com.google.android.gms:play-services-auth:20.7.0] AndroidManifest.xml:34:13-89
336            android:exported="true"
336-->[com.google.android.gms:play-services-auth:20.7.0] AndroidManifest.xml:35:13-36
337            android:permission="com.google.android.gms.auth.api.signin.permission.REVOCATION_NOTIFICATION"
337-->[com.google.android.gms:play-services-auth:20.7.0] AndroidManifest.xml:36:13-107
338            android:visibleToInstantApps="true" />
338-->[com.google.android.gms:play-services-auth:20.7.0] AndroidManifest.xml:37:13-48
339
340        <provider
340-->[com.google.android.gms:play-services-games-v2:19.0.0] AndroidManifest.xml:13:9-17:38
341            android:name="com.google.android.gms.games.provider.PlayGamesInitProvider"
341-->[com.google.android.gms:play-services-games-v2:19.0.0] AndroidManifest.xml:14:13-87
342            android:authorities="com.VRWhiteboardTest.playgamesinitprovider"